# JRE version: Java(TM) SE Runtime Environment (8.0_144-b01) (build 1.8.0_144-b01)
# Java VM: Java HotSpot(TM) Client VM (25.144-b01 mixed mode windows-x86 )
Heap:
 def new generation   total 4928K, used 1863K [0x05000000, 0x05550000, 0x0a550000)
  eden space 4416K,  34% used [0x05000000, 0x05178030, 0x05450000)
  from space 512K,  70% used [0x05450000, 0x054a9f98, 0x054d0000)
  to   space 512K,   0% used [0x054d0000, 0x054d0000, 0x05550000)
 tenured generation   total 10944K, used 2429K [0x0a550000, 0x0b000000, 0x15000000)
   the space 10944K,  22% used [0x0a550000, 0x0a7af7f0, 0x0a7af800, 0x0b000000)
 Metaspace       used 7566K, capacity 7700K, committed 7808K, reserved 8576K
GC Heap History (10 events):
Event: 0.765 GC heap before
{Heap before GC invocations=5 (full 0):
 def new generation   total 4928K, used 4927K [0x05000000, 0x05550000, 0x0a550000)
  eden space 4416K, 100% used [0x05000000, 0x05450000, 0x05450000)
  from space 512K,  99% used [0x054d0000, 0x0554fff8, 0x05550000)
  to   space 512K,   0% used [0x05450000, 0x05450000, 0x054d0000)
 tenured generation   total 10944K, used 1471K [0x0a550000, 0x0b000000, 0x15000000)
   the space 10944K,  13% used [0x0a550000, 0x0a6bfcf0, 0x0a6bfe00, 0x0b000000)
 Metaspace       used 5687K, capacity 5708K, committed 5760K, reserved 6528K
Event: 0.767 GC heap after
Heap after GC invocations=6 (full 0):
 def new generation   total 4928K, used 506K [0x05000000, 0x05550000, 0x0a550000)
  eden space 4416K,   0% used [0x05000000, 0x05000000, 0x05450000)
  from space 512K,  98% used [0x05450000, 0x054ceac0, 0x054d0000)
  to   space 512K,   0% used [0x054d0000, 0x054d0000, 0x05550000)
 tenured generation   total 10944K, used 1626K [0x0a550000, 0x0b000000, 0x15000000)
   the space 10944K,  14% used [0x0a550000, 0x0a6e6b90, 0x0a6e6c00, 0x0b000000)
 Metaspace       used 5687K, capacity 5708K, committed 5760K, reserved 6528K
}
Event: 0.942 GC heap before
{Heap before GC invocations=6 (full 0):
 def new generation   total 4928K, used 4922K [0x05000000, 0x05550000, 0x0a550000)
  eden space 4416K, 100% used [0x05000000, 0x05450000, 0x05450000)
  from space 512K,  98% used [0x05450000, 0x054ceac0, 0x054d0000)
  to   space 512K,   0% used [0x054d0000, 0x054d0000, 0x05550000)
 tenured generation   total 10944K, used 1626K [0x0a550000, 0x0b000000, 0x15000000)
   the space 10944K,  14% used [0x0a550000, 0x0a6e6b90, 0x0a6e6c00, 0x0b000000)
 Metaspace       used 6252K, capacity 6291K, committed 6400K, reserved 6528K
Event: 0.945 GC heap after
Heap after GC invocations=7 (full 0):
 def new generation   total 4928K, used 511K [0x05000000, 0x05550000, 0x0a550000)
  eden space 4416K,   0% used [0x05000000, 0x05000000, 0x05450000)
  from space 512K,  99% used [0x054d0000, 0x0554ffe8, 0x05550000)
  to   space 512K,   0% used [0x05450000, 0x05450000, 0x054d0000)
 tenured generation   total 10944K, used 1748K [0x0a550000, 0x0b000000, 0x15000000)
   the space 10944K,  15% used [0x0a550000, 0x0a705138, 0x0a705200, 0x0b000000)
 Metaspace       used 6252K, capacity 6291K, committed 6400K, reserved 6528K
}
Event: 1.082 GC heap before
{Heap before GC invocations=7 (full 0):
 def new generation   total 4928K, used 4927K [0x05000000, 0x05550000, 0x0a550000)
  eden space 4416K, 100% used [0x05000000, 0x05450000, 0x05450000)
  from space 512K,  99% used [0x054d0000, 0x0554ffe8, 0x05550000)
  to   space 512K,   0% used [0x05450000, 0x05450000, 0x054d0000)
 tenured generation   total 10944K, used 1748K [0x0a550000, 0x0b000000, 0x15000000)
   the space 10944K,  15% used [0x0a550000, 0x0a705138, 0x0a705200, 0x0b000000)
 Metaspace       used 6468K, capacity 6518K, committed 6656K, reserved 7552K
Event: 1.085 GC heap after
Heap after GC invocations=8 (full 0):
 def new generation   total 4928K, used 511K [0x05000000, 0x05550000, 0x0a550000)
  eden space 4416K,   0% used [0x05000000, 0x05000000, 0x05450000)
  from space 512K,  99% used [0x05450000, 0x054cfff8, 0x054d0000)
  to   space 512K,   0% used [0x054d0000, 0x054d0000, 0x05550000)
 tenured generation   total 10944K, used 2045K [0x0a550000, 0x0b000000, 0x15000000)
   the space 10944K,  18% used [0x0a550000, 0x0a74f588, 0x0a74f600, 0x0b000000)
 Metaspace       used 6468K, capacity 6518K, committed 6656K, reserved 7552K
}
Event: 1.190 GC heap before
{Heap before GC invocations=8 (full 0):
 def new generation   total 4928K, used 4927K [0x05000000, 0x05550000, 0x0a550000)
  eden space 4416K, 100% used [0x05000000, 0x05450000, 0x05450000)
  from space 512K,  99% used [0x05450000, 0x054cfff8, 0x054d0000)
  to   space 512K,   0% used [0x054d0000, 0x054d0000, 0x05550000)
 tenured generation   total 10944K, used 2045K [0x0a550000, 0x0b000000, 0x15000000)
   the space 10944K,  18% used [0x0a550000, 0x0a74f588, 0x0a74f600, 0x0b000000)
 Metaspace       used 6849K, capacity 6902K, committed 7040K, reserved 7552K
Event: 1.194 GC heap after
Heap after GC invocations=9 (full 0):
 def new generation   total 4928K, used 511K [0x05000000, 0x05550000, 0x0a550000)
  eden space 4416K,   0% used [0x05000000, 0x05000000, 0x05450000)
  from space 512K,  99% used [0x054d0000, 0x0554ffb8, 0x05550000)
  to   space 512K,   0% used [0x05450000, 0x05450000, 0x054d0000)
 tenured generation   total 10944K, used 2340K [0x0a550000, 0x0b000000, 0x15000000)
   the space 10944K,  21% used [0x0a550000, 0x0a7992f0, 0x0a799400, 0x0b000000)
 Metaspace       used 6849K, capacity 6902K, committed 7040K, reserved 7552K
}
Event: 8.791 GC heap before
{Heap before GC invocations=9 (full 0):
 def new generation   total 4928K, used 4927K [0x05000000, 0x05550000, 0x0a550000)
  eden space 4416K, 100% used [0x05000000, 0x05450000, 0x05450000)
  from space 512K,  99% used [0x054d0000, 0x0554ffb8, 0x05550000)
  to   space 512K,   0% used [0x05450000, 0x05450000, 0x054d0000)
 tenured generation   total 10944K, used 2340K [0x0a550000, 0x0b000000, 0x15000000)
   the space 10944K,  21% used [0x0a550000, 0x0a7992f0, 0x0a799400, 0x0b000000)
 Metaspace       used 7557K, capacity 7690K, committed 7808K, reserved 8576K
Event: 8.793 GC heap after
Heap after GC invocations=10 (full 0):
 def new generation   total 4928K, used 359K [0x05000000, 0x05550000, 0x0a550000)
  eden space 4416K,   0% used [0x05000000, 0x05000000, 0x05450000)
  from space 512K,  70% used [0x05450000, 0x054a9f98, 0x054d0000)
  to   space 512K,   0% used [0x054d0000, 0x054d0000, 0x05550000)
 tenured generation   total 10944K, used 2429K [0x0a550000, 0x0b000000, 0x15000000)
   the space 10944K,  22% used [0x0a550000, 0x0a7af7f0, 0x0a7af800, 0x0b000000)
 Metaspace       used 7557K, capacity 7690K, committed 7808K, reserved 8576K
}

